2016-08-17 02:53:12 log
0.00031622776601683794

2016-08-17 02:53:12 log
0.0002720712116057459

2016-08-17 02:53:31 log
0.00031622776601683794

2016-08-17 02:53:31 log
0.0002720712116057459

2016-08-17 02:53:32 log
0.00031622776601683794

2016-08-17 02:53:32 log
0.0002720712116057459

2016-08-17 02:53:32 log
0.024717241450161305

2016-08-17 02:53:32 log
0.02306800187559872

2016-08-17 02:53:33 log
0.04983104559705295

2016-08-17 02:53:33 log
0.047118623278880334

2016-08-17 02:53:33 log
0.3455413295778485

2016-08-17 02:53:33 log
0.3387563407957277

2016-08-17 02:53:33 log
0.4013284982627412

2016-08-17 02:53:33 log
0.39454856723867715

2016-08-17 02:53:34 log
0.40411037451349036

2016-08-17 02:53:34 log
0.3973346656889192

2016-08-17 02:53:34 log
0.41686938347033536

2016-08-17 02:53:34 log
0.41011758897935247

2016-08-17 02:53:34 log
0.4355118736855686

2016-08-17 02:53:34 log
0.42880809543931514

2016-08-17 02:53:35 log
0.436013564000399

2016-08-17 02:53:35 log
0.4293112871923462

2016-08-17 02:53:35 log
0.4231555097166164

2016-08-17 02:53:35 log
0.416418196894683

2016-08-17 02:53:36 log
0.41543205124186117

2016-08-17 02:53:36 log
0.40867719357787874

2016-08-17 02:53:36 log
0.3732501577957205

2016-08-17 02:53:36 log
0.3664482178629563

2016-08-17 02:53:37 log
0.3483373150360118

2016-08-17 02:53:37 log
0.341548789472301

2016-08-17 02:53:37 log
0.3380648362059816

2016-08-17 02:53:37 log
0.331291385311038

2016-08-17 02:53:38 log
0.32284941217126356

2016-08-17 02:53:38 log
0.316109028879619

2016-08-17 02:53:38 log
0.3209962804210691

2016-08-17 02:53:38 log
0.31426082427464763

2016-08-17 02:53:39 log
0.2941033693747307

2016-08-17 02:53:39 log
0.2874624249482255

2016-08-17 02:53:39 log
0.2669930767129589

2016-08-17 02:53:39 log
0.2604937308948264

2016-08-17 02:53:40 log
0.22181964198002188

2016-08-17 02:53:40 log
0.21567260079104233

2016-08-17 02:53:40 log
0.1651961798229015

2016-08-17 02:53:40 log
0.1597372577583496

2016-08-17 02:53:40 log
0.16691678072110572

2016-08-17 02:53:40 log
0.16143221438113306

2016-08-17 02:53:41 log
0.17579236139586926

2016-08-17 02:53:41 log
0.1701806200616796

2016-08-17 02:53:41 log
0.1809255910253821

2016-08-17 02:53:41 log
0.1752440890276145

2016-08-17 02:53:41 log
0.19010782799233

2016-08-17 02:53:41 log
0.18430818131074914

2016-08-17 02:53:41 log
0.1796801080173494

2016-08-17 02:53:41 log
0.17401528286742865

2016-08-17 02:53:42 log
0.182179707309187

2016-08-17 02:53:42 log
0.17648157238301232

2016-08-17 02:53:42 log
0.001065368863667563

2016-08-17 02:53:42 log
0.0009376199887939897

2016-08-17 02:55:39 log
'1: 0.000316, 2: 1.000000'

2016-08-17 02:55:39 log
'1: 0.000316, 2: 1.000000'

2016-08-17 02:55:39 log
'1: 0.024717, 2: 1.000000'

2016-08-17 02:55:39 log
'1: 0.049831, 2: 1.000000'

2016-08-17 02:55:40 log
'1: 0.345541, 2: 1.000000'

2016-08-17 02:55:40 log
'1: 0.401328, 2: 1.000000'

2016-08-17 02:55:40 log
'1: 0.404110, 2: 1.000000'

2016-08-17 02:55:41 log
'1: 0.416869, 2: 1.000000'

2016-08-17 02:55:41 log
'1: 0.435512, 2: 1.000000'

2016-08-17 02:55:42 log
'1: 0.436014, 2: 1.000000'

2016-08-17 02:55:42 log
'1: 0.423156, 2: 1.000000'

2016-08-17 02:55:43 log
'1: 0.415432, 2: 1.000000'

2016-08-17 02:55:43 log
'1: 0.373250, 2: 1.000000'

2016-08-17 02:55:44 log
'1: 0.348337, 2: 1.000000'

2016-08-17 02:55:44 log
'1: 0.338065, 2: 1.000000'

2016-08-17 02:55:45 log
'1: 0.322849, 2: 1.000000'

2016-08-17 02:55:46 log
'1: 0.320996, 2: 1.000000'

2016-08-17 02:55:46 log
'1: 0.294103, 2: 1.000000'

2016-08-17 02:55:46 log
'1: 0.266993, 2: 1.000000'

2016-08-17 02:55:47 log
'1: 0.221820, 2: 1.000000'

2016-08-17 02:55:47 log
'1: 0.165196, 2: 1.000000'

2016-08-17 02:55:48 log
'1: 0.166917, 2: 1.000000'

2016-08-17 02:55:48 log
'1: 0.175792, 2: 1.000000'

2016-08-17 02:55:48 log
'1: 0.180926, 2: 1.000000'

2016-08-17 02:55:48 log
'1: 0.190108, 2: 1.000000'

2016-08-17 02:55:49 log
'1: 0.179680, 2: 1.000000'

2016-08-17 02:55:49 log
'1: 0.182180, 2: 1.000000'

2016-08-17 02:55:49 log
'1: 0.001065, 2: 1.000000'

2016-08-19 14:07:06 log
(0,
 'C:/Users/RFV/Desktop/0 income/watermarker/work/w-files splitted/W03.wav',
 1.9862229082889016,
 0)

2016-08-19 14:07:06 log
(1,
 'C:/Users/RFV/Desktop/0 income/watermarker/work/w-files splitted/W04.wav',
 2.0047806670571147,
 6)

2016-08-19 14:07:06 log
(2,
 'C:/Users/RFV/Desktop/0 income/watermarker/work/w-files splitted/W02.wav',
 1.9631802476497193,
 7)

2016-08-19 14:07:06 log
(3,
 'C:/Users/RFV/Desktop/0 income/watermarker/work/w-files splitted/W02.wav',
 1.852150525510107,
 0)

2016-08-19 14:38:59 log
(0,
 'C:/Users/RFV/Desktop/0 income/watermarker/work/w-files splitted/W03.wav',
 1.9862229082889016,
 0)

2016-08-19 14:38:59 log
(1,
 'C:/Users/RFV/Desktop/0 income/watermarker/work/w-files splitted/W04.wav',
 2.0047806670571147,
 6)

2016-08-19 14:38:59 log
(2,
 'C:/Users/RFV/Desktop/0 income/watermarker/work/w-files splitted/W02.wav',
 1.9631802476497193,
 7)

2016-08-19 14:38:59 log
(3,
 'C:/Users/RFV/Desktop/0 income/watermarker/work/w-files splitted/W02.wav',
 1.852150525510107,
 0)

2016-08-22 21:23:26 log
('jingle_bells_rock-_underscore.wav',)

2016-08-22 21:23:30 log
('together_we_can_-_30_sec.wav',)

2016-08-22 21:30:19 log
('C:/Users/RFV/Desktop/0 income/watermarker/work/base/2/full/jingle_bells_rock-_underscore.wav',)

2016-08-22 21:30:23 log
('C:/Users/RFV/Desktop/0 income/watermarker/work/base/2/full/jingle_bells_rock-_underscore.wav',)

2016-08-22 21:30:23 log
('C:/Users/RFV/Desktop/0 income/watermarker/work/base/2/full/together_we_can_-_30_sec.wav',)

2016-08-22 21:30:24 log
('C:/Users/RFV/Desktop/0 income/watermarker/work/base/2/full/together_we_can_-_30_sec.wav',)

2016-08-22 21:35:59
('watermark',
 'C:/Users/RFV/Desktop/0 income/watermarker/work/base/45/full/jingle_bells_rock-_underscore.wav')

2016-08-22 21:36:03
('mix',
 'C:/Users/RFV/Desktop/0 income/watermarker/work/base/45/full/jingle_bells_rock-_underscore.wav')

2016-08-22 21:36:03
('watermark',
 'C:/Users/RFV/Desktop/0 income/watermarker/work/base/45/full/together_we_can_-_30_sec.wav')

2016-08-22 21:36:04
('mix',
 'C:/Users/RFV/Desktop/0 income/watermarker/work/base/45/full/together_we_can_-_30_sec.wav')

2016-08-22 21:37:36
('watermark',
 'C:/Users/RFV/Desktop/0 income/watermarker/work/base/arstdp/full/jingle_bells_rock-_underscore.wav')

2016-08-22 21:37:39
('mix',
 'C:/Users/RFV/Desktop/0 income/watermarker/work/base/arstdp/full/jingle_bells_rock-_underscore.wav')

2016-08-22 21:37:46
('watermark',
 'C:/Users/RFV/Desktop/0 income/watermarker/work/base/arstdp/full/together_we_can_-_30_sec.wav')

2016-08-22 21:37:47
('mix',
 'C:/Users/RFV/Desktop/0 income/watermarker/work/base/arstdp/full/together_we_can_-_30_sec.wav')

